
Showing logs for build [32mcb-kubecd-bdd-gh-1578333854-pr-dlt97-1[0m stage [32mfrom-build-pack[0m and container [32mstep-credential-initializer-bql8f[0m
{"level":"warn","ts":1578335923.8898668,"logger":"fallback-logger","caller":"logging/config.go:69","msg":"Fetch GitHub commit ID from kodata failed: \"ref: refs/heads/0.8.0-**-support-backwards-incompats\" is not a valid GitHub commit ID"}
{"level":"info","ts":1578335923.8903737,"logger":"fallback-logger","caller":"creds-init/main.go:40","msg":"Credentials initialized."}

Showing logs for build [32mcb-kubecd-bdd-gh-1578333854-pr-dlt97-1[0m stage [32mfrom-build-pack[0m and container [32mstep-working-dir-initializer-5qs8j[0m
{"level":"warn","ts":1578335924.8893018,"logger":"fallback-logger","caller":"logging/config.go:69","msg":"Fetch GitHub commit ID from kodata failed: open /var/run/ko/HEAD: no such file or directory"}
{"level":"info","ts":1578335924.8957946,"logger":"fallback-logger","caller":"bash/main.go:64","msg":"Successfully executed command \"sh -c mkdir -p /workspace/source\"; output "}

Showing logs for build [32mcb-kubecd-bdd-gh-1578333854-pr-dlt97-1[0m stage [32mfrom-build-pack[0m and container [32mstep-place-tools[0m

Showing logs for build [32mcb-kubecd-bdd-gh-1578333854-pr-dlt97-1[0m stage [32mfrom-build-pack[0m and container [32mstep-git-source-cb-kubecd-bdd-gh-1578333854-pr-fnncw[0m
{"level":"warn","ts":1578335932.050884,"logger":"fallback-logger","caller":"logging/config.go:69","msg":"Fetch GitHub commit ID from kodata failed: \"ref: refs/heads/0.8.0-**-support-backwards-incompats\" is not a valid GitHub commit ID"}
{"level":"info","ts":1578335933.2027352,"logger":"fallback-logger","caller":"git/git.go:103","msg":"Successfully cloned https://github.com/cb-kubecd/bdd-gh-1578333854.git @ master in path /workspace/source"}

Showing logs for build [32mcb-kubecd-bdd-gh-1578333854-pr-dlt97-1[0m stage [32mfrom-build-pack[0m and container [32mstep-git-merge[0m
Using SHAs from PULL_REFS=master:8c5de967e9597bdced71048c84586778019a392c,1:daedf51d99027af51333b6c994e9e564416f122b
DEBUG: ran git fetch --unshallow origin daedf51d99027af51333b6c994e9e564416f122b: 8c5de967e9597bdced71048c84586778019a392c: in 
DEBUG: ran git checkout master in 
DEBUG: ran git reset --hard 8c5de967e9597bdced71048c84586778019a392c in 
DEBUG: ran clean --force -d . in 
DEBUG: ran git merge daedf51d99027af51333b6c994e9e564416f122b in 
Merged SHA daedf51d99027af51333b6c994e9e564416f122b with commit message 'My first PR commit' into base branch master

Showing logs for build [32mcb-kubecd-bdd-gh-1578333854-pr-dlt97-1[0m stage [32mfrom-build-pack[0m and container [32mstep-build-make-linux[0m
CGO_ENABLED=0 GOOS=linux GOARCH=amd64 GO15VENDOREXPERIMENT=1 go build -ldflags '' -o bin/bdd-gh-1578333854 main.go

Showing logs for build [32mcb-kubecd-bdd-gh-1578333854-pr-dlt97-1[0m stage [32mfrom-build-pack[0m and container [32mstep-build-container-build[0m
[36mINFO[0m[0000] No base image, nothing to extract            
[36mINFO[0m[0000] cmd: EXPOSE                                  
[36mINFO[0m[0000] Adding exposed port: 8080/tcp                
[36mINFO[0m[0000] Using files from context: [/workspace/source/bin] 
[36mINFO[0m[0000] Skipping unpacking as no commands require it. 
[36mINFO[0m[0000] Taking snapshot of full filesystem...        
[36mINFO[0m[0000] EXPOSE 8080                                  
[36mINFO[0m[0000] cmd: EXPOSE                                  
[36mINFO[0m[0000] Adding exposed port: 8080/tcp                
[36mINFO[0m[0000] No files changed in this command, skipping snapshotting. 
[36mINFO[0m[0000] ENTRYPOINT ["/bdd-gh-1578333854"]            
[36mINFO[0m[0000] No files changed in this command, skipping snapshotting. 
[36mINFO[0m[0000] Using files from context: [/workspace/source/bin] 
[36mINFO[0m[0000] COPY ./bin/ /                                
[36mINFO[0m[0000] Taking snapshot of files...                  
2020/01/06 18:39:10 pushed blob: sha256:7aad2426a3296aa381c30ea87ccb5e00bf2244a86f787e774f4814d69fc45a6f
2020/01/06 18:39:12 pushed blob: sha256:9f5b9313cb610b746d3880a35e1bbc40549caab791585919edc094b3048e000c
2020/01/06 18:39:13 gcr.io/jenkins-x-bdd3/bdd-gh-1578333854:0.0.0-SNAPSHOT-PR-1-1: digest: sha256:55f59803cb77a6de5b9fb467a3488deec3c752e7ae91ba64b11596fc30fd73fc size: 428

Showing logs for build [32mcb-kubecd-bdd-gh-1578333854-pr-dlt97-1[0m stage [32mfrom-build-pack[0m and container [32mstep-postbuild-post-build[0m
no CVE provider running in the current ** namespace so skip adding image to be analysed

Showing logs for build [32mcb-kubecd-bdd-gh-1578333854-pr-dlt97-1[0m stage [32mfrom-build-pack[0m and container [32mstep-promote-make-preview[0m
sed -i -e "s/version:.*/version: 0.0.0-SNAPSHOT-PR-1-1/" Chart.yaml
sed -i -e "s/version:.*/version: 0.0.0-SNAPSHOT-PR-1-1/" ../*/Chart.yaml
sed -i -e "s|repository:.*|repository: gcr.io\/jenkins-x-bdd3\/bdd-gh-1578333854|" values.yaml
sed -i -e "s/tag:.*/tag: 0.0.0-SNAPSHOT-PR-1-1/" values.yaml
echo "  version: 0.0.0-SNAPSHOT-PR-1-1" >> requirements.yaml
** step helm build
WARNING: No $CHART_REPOSITORY defined so using the default value of: http://jenkins-x-chartmuseum:8080
Adding missing Helm repo: storage.googleapis.com https://storage.googleapis.com/chartmuseum.jenkins-x.io
WARNING: No secrets found on "helm/repos" due: reading the secret "helm/repos" from vault: no secret "helm/repos" not found in vault
Read credentials for https://storage.googleapis.com/chartmuseum.jenkins-x.io from vault helm/repos
Successfully added Helm repository storage.googleapis.com.
Adding missing Helm repo: jenkins-x-chartmuseum http://jenkins-x-chartmuseum:8080
WARNING: No secrets found on "helm/repos" due: reading the secret "helm/repos" from vault: no secret "helm/repos" not found in vault
Read credentials for http://jenkins-x-chartmuseum:8080 from vault helm/repos
Successfully added Helm repository jenkins-x-chartmuseum.
WARNING: No $CHART_REPOSITORY defined so using the default value of: http://jenkins-x-chartmuseum:8080
Adding missing Helm repo: chartmuseum.jenkins-x.io http://chartmuseum.jenkins-x.io
WARNING: No secrets found on "helm/repos" due: reading the secret "helm/repos" from vault: no secret "helm/repos" not found in vault
Read credentials for http://chartmuseum.jenkins-x.io from vault helm/repos
Successfully added Helm repository chartmuseum.jenkins-x.io.

Showing logs for build [32mcb-kubecd-bdd-gh-1578333854-pr-dlt97-1[0m stage [32mfrom-build-pack[0m and container [32mstep-promote-jx-preview[0m
Creating a preview
Created environment cb-kubecd-bdd-gh-1578333854-pr-1
Namespace **-cb-kubecd-bdd-gh-1578333854-pr-1 created 
expose:
  Annotations:
    helm.sh/hook: post-install,post-upgrade
    helm.sh/hook-delete-policy: hook-succeeded
  config:
    domain: c**d4.bdd.jenkins-x.rocks
    exposer: Ingress
    http: "true"
preview:
  image:
    repository: gcr.io/jenkins-x-bdd3/bdd-gh-1578333854
    tag: 0.0.0-SNAPSHOT-PR-1-1


Updating PipelineActivities cb-kubecd-bdd-gh-1578333854-pr-1-1 which has status Running
WARNING: preview application http://bdd-gh-1578333854.**-cb-kubecd-bdd-gh-1578333854-pr-1.c**d4.bdd.jenkins-x.rocks not available, error was Get http://bdd-gh-1578333854.**-cb-kubecd-bdd-gh-1578333854-pr-1.c**d4.bdd.jenkins-x.rocks: dial tcp: lookup bdd-gh-1578333854.**-cb-kubecd-bdd-gh-1578333854-pr-1.c**d4.bdd.jenkins-x.rocks on 10.23.240.10:53: no such host, delaying for: 1.050146921s
WARNING: preview application http://bdd-gh-1578333854.**-cb-kubecd-bdd-gh-1578333854-pr-1.c**d4.bdd.jenkins-x.rocks not available, error was Get http://bdd-gh-1578333854.**-cb-kubecd-bdd-gh-1578333854-pr-1.c**d4.bdd.jenkins-x.rocks: dial tcp: lookup bdd-gh-1578333854.**-cb-kubecd-bdd-gh-1578333854-pr-1.c**d4.bdd.jenkins-x.rocks on 10.23.240.10:53: no such host, delaying for: 2.123731972s
WARNING: preview application http://bdd-gh-1578333854.**-cb-kubecd-bdd-gh-1578333854-pr-1.c**d4.bdd.jenkins-x.rocks not available, error was Get http://bdd-gh-1578333854.**-cb-kubecd-bdd-gh-1578333854-pr-1.c**d4.bdd.jenkins-x.rocks: dial tcp: lookup bdd-gh-1578333854.**-cb-kubecd-bdd-gh-1578333854-pr-1.c**d4.bdd.jenkins-x.rocks on 10.23.240.10:53: no such host, delaying for: 2.458403445s
WARNING: preview application http://bdd-gh-1578333854.**-cb-kubecd-bdd-gh-1578333854-pr-1.c**d4.bdd.jenkins-x.rocks not available, error was Get http://bdd-gh-1578333854.**-cb-kubecd-bdd-gh-1578333854-pr-1.c**d4.bdd.jenkins-x.rocks: dial tcp: lookup bdd-gh-1578333854.**-cb-kubecd-bdd-gh-1578333854-pr-1.c**d4.bdd.jenkins-x.rocks on 10.23.240.10:53: no such host, delaying for: 3.806441792s
WARNING: preview application http://bdd-gh-1578333854.**-cb-kubecd-bdd-gh-1578333854-pr-1.c**d4.bdd.jenkins-x.rocks not available, error was Get http://bdd-gh-1578333854.**-cb-kubecd-bdd-gh-1578333854-pr-1.c**d4.bdd.jenkins-x.rocks: dial tcp: lookup bdd-gh-1578333854.**-cb-kubecd-bdd-gh-1578333854-pr-1.c**d4.bdd.jenkins-x.rocks on 10.23.240.10:53: no such host, delaying for: 6.567118239s
WARNING: preview application http://bdd-gh-1578333854.**-cb-kubecd-bdd-gh-1578333854-pr-1.c**d4.bdd.jenkins-x.rocks not available, error was Get http://bdd-gh-1578333854.**-cb-kubecd-bdd-gh-1578333854-pr-1.c**d4.bdd.jenkins-x.rocks: dial tcp: lookup bdd-gh-1578333854.**-cb-kubecd-bdd-gh-1578333854-pr-1.c**d4.bdd.jenkins-x.rocks on 10.23.240.10:53: no such host, delaying for: 6.190486398s
WARNING: preview application http://bdd-gh-1578333854.**-cb-kubecd-bdd-gh-1578333854-pr-1.c**d4.bdd.jenkins-x.rocks not available, error was Get http://bdd-gh-1578333854.**-cb-kubecd-bdd-gh-1578333854-pr-1.c**d4.bdd.jenkins-x.rocks: dial tcp: lookup bdd-gh-1578333854.**-cb-kubecd-bdd-gh-1578333854-pr-1.c**d4.bdd.jenkins-x.rocks on 10.23.240.10:53: no such host, delaying for: 5.84140762s
WARNING: preview application http://bdd-gh-1578333854.**-cb-kubecd-bdd-gh-1578333854-pr-1.c**d4.bdd.jenkins-x.rocks not available, error was Get http://bdd-gh-1578333854.**-cb-kubecd-bdd-gh-1578333854-pr-1.c**d4.bdd.jenkins-x.rocks: dial tcp: lookup bdd-gh-1578333854.**-cb-kubecd-bdd-gh-1578333854-pr-1.c**d4.bdd.jenkins-x.rocks on 10.23.240.10:53: no such host, delaying for: 14.204706135s
WARNING: preview application http://bdd-gh-1578333854.**-cb-kubecd-bdd-gh-1578333854-pr-1.c**d4.bdd.jenkins-x.rocks not available, error was Get http://bdd-gh-1578333854.**-cb-kubecd-bdd-gh-1578333854-pr-1.c**d4.bdd.jenkins-x.rocks: dial tcp: lookup bdd-gh-1578333854.**-cb-kubecd-bdd-gh-1578333854-pr-1.c**d4.bdd.jenkins-x.rocks on 10.23.240.10:53: no such host, delaying for: 37.773980375s
WARNING: preview application http://bdd-gh-1578333854.**-cb-kubecd-bdd-gh-1578333854-pr-1.c**d4.bdd.jenkins-x.rocks not available, error was Get http://bdd-gh-1578333854.**-cb-kubecd-bdd-gh-1578333854-pr-1.c**d4.bdd.jenkins-x.rocks: dial tcp: lookup bdd-gh-1578333854.**-cb-kubecd-bdd-gh-1578333854-pr-1.c**d4.bdd.jenkins-x.rocks on 10.23.240.10:53: no such host, delaying for: 55.738381144s
WARNING: preview application http://bdd-gh-1578333854.**-cb-kubecd-bdd-gh-1578333854-pr-1.c**d4.bdd.jenkins-x.rocks not available, error was Get http://bdd-gh-1578333854.**-cb-kubecd-bdd-gh-1578333854-pr-1.c**d4.bdd.jenkins-x.rocks: dial tcp: lookup bdd-gh-1578333854.**-cb-kubecd-bdd-gh-1578333854-pr-1.c**d4.bdd.jenkins-x.rocks on 10.23.240.10:53: no such host, delaying for: 1m4.921413071s
WARNING: preview application http://bdd-gh-1578333854.**-cb-kubecd-bdd-gh-1578333854-pr-1.c**d4.bdd.jenkins-x.rocks not available, error was Get http://bdd-gh-1578333854.**-cb-kubecd-bdd-gh-1578333854-pr-1.c**d4.bdd.jenkins-x.rocks: dial tcp: lookup bdd-gh-1578333854.**-cb-kubecd-bdd-gh-1578333854-pr-1.c**d4.bdd.jenkins-x.rocks on 10.23.240.10:53: no such host, delaying for: 1m15.104434734s
WARNING: preview application http://bdd-gh-1578333854.**-cb-kubecd-bdd-gh-1578333854-pr-1.c**d4.bdd.jenkins-x.rocks not available, error was Get http://bdd-gh-1578333854.**-cb-kubecd-bdd-gh-1578333854-pr-1.c**d4.bdd.jenkins-x.rocks: dial tcp: lookup bdd-gh-1578333854.**-cb-kubecd-bdd-gh-1578333854-pr-1.c**d4.bdd.jenkins-x.rocks on 10.23.240.10:53: no such host, delaying for: 48.630616573s
Preview application is now available at: http://bdd-gh-1578333854.**-cb-kubecd-bdd-gh-1578333854-pr-1.c**d4.bdd.jenkins-x.rocks
